<?xml version="1.0" encoding="UTF-8"?>
<testng-results skipped="0" failed="0" ignored="0" total="1" passed="1">
  <reporter-output>
  </reporter-output>
  <suite name="Suite" duration-ms="9265" started-at="2021-04-26T02:58:42 IST" finished-at="2021-04-26T02:58:52 IST">
    <groups>
    </groups>
    <test name="Test" duration-ms="9265" started-at="2021-04-26T02:58:42 IST" finished-at="2021-04-26T02:58:52 IST">
      <class name="org.tests.com.InitiateSearchRoundTrip">
        <test-method status="PASS" signature="setup()[pri:0, instance:org.tests.com.InitiateSearchRoundTrip@57e1b0c]" name="setup" is-config="true" duration-ms="5278" started-at="2021-04-26T02:58:42 IST" finished-at="2021-04-26T02:58:48 IST">
          <reporter-output>
          </reporter-output>
        </test-method> <!-- setup -->
        <test-method status="PASS" signature="testCase01()[pri:0, instance:org.tests.com.InitiateSearchRoundTrip@57e1b0c]" name="testCase01" duration-ms="2990" started-at="2021-04-26T02:58:48 IST" finished-at="2021-04-26T02:58:51 IST">
          <reporter-output>
          </reporter-output>
        </test-method> <!-- testCase01 -->
        <test-method status="PASS" signature="quit()[pri:0, instance:org.tests.com.InitiateSearchRoundTrip@57e1b0c]" name="quit" is-config="true" duration-ms="958" started-at="2021-04-26T02:58:51 IST" finished-at="2021-04-26T02:58:52 IST">
          <reporter-output>
          </reporter-output>
        </test-method> <!-- quit -->
      </class> <!-- org.tests.com.InitiateSearchRoundTrip -->
    </test> <!-- Test -->
  </suite> <!-- Suite -->
</testng-results>
